<?xml version="1.0" encoding="UTF-8"?>
<testng-results skipped="0" failed="0" ignored="0" total="0" passed="0">
  <reporter-output>
  </reporter-output>
  <suite name="Surefire suite" duration-ms="867" started-at="2021-01-24T15:08:07 TRT" finished-at="2021-01-24T15:08:08 TRT">
    <groups>
    </groups>
    <test name="Surefire test" duration-ms="867" started-at="2021-01-24T15:08:07 TRT" finished-at="2021-01-24T15:08:08 TRT">
    </test> <!-- Surefire test -->
  </suite> <!-- Surefire suite -->
</testng-results>
